2022-03-31 13:37:41,946 :INFO : <module> : initializing chrome browser
2022-03-31 13:37:47,409 :INFO : <module> : Launch undostres application and open home page
2022-03-31 13:38:20,821 :INFO : <module> : Test_Mobile_Recharge.py_Test_Mobile_Recharge_test_Mobile_Recharge.png
2022-03-31 13:44:22,453 :INFO : <module> : initializing chrome browser
2022-03-31 13:44:26,363 :INFO : <module> : Launch undostres application and open home page
2022-03-31 13:45:08,921 :INFO : <module> : Test_Mobile_Recharge.py_Test_Mobile_Recharge_test_Mobile_Recharge.png
2022-03-31 13:45:57,708 :INFO : <module> : initializing chrome browser
2022-03-31 13:46:01,545 :INFO : <module> : Launch undostres application and open home page
2022-03-31 13:46:31,817 :INFO : <module> : Test_Mobile_Recharge.py_Test_Mobile_Recharge_test_Mobile_Recharge.png
2022-03-31 13:49:22,905 :INFO : <module> : initializing chrome browser
2022-03-31 13:49:26,846 :INFO : <module> : Launch undostres application and open home page
2022-03-31 13:49:56,185 :INFO : <module> : Test_Mobile_Recharge.py_Test_Mobile_Recharge_test_Mobile_Recharge.png
2022-03-31 13:50:12,256 :INFO : <module> : initializing chrome browser
2022-03-31 13:50:16,158 :INFO : <module> : Launch undostres application and open home page
2022-03-31 13:50:19,366 :INFO : Home_Screen : title is verified
2022-03-31 13:50:23,912 :INFO : Home_Screen : navigating to checkout screen
2022-03-31 13:50:30,164 :INFO : Checkout_screen : checkout done, moving to pop up screen
2022-03-31 13:50:31,226 :INFO : Checkout_screen : Popup screen appears
2022-03-31 13:50:53,927 :INFO : Checkout_screen : dismissed permit notification
2022-03-31 13:50:54,015 :INFO : Checkout_screen : captured the recharge success message
2022-03-31 13:50:54,015 :INFO : test_Mobile_Recharge : test case execution is completed
2022-03-31 13:53:16,133 :INFO : <module> : initializing chrome browser
2022-03-31 13:53:20,305 :INFO : <module> : Launch undostres application and open home page
2022-03-31 13:53:23,621 :INFO : <module> : Test_Mobile_Recharge.py_Test_Mobile_Recharge_test_Mobile_Recharge.png
2022-03-31 13:57:41,240 :INFO : <module> : initializing chrome browser
2022-03-31 13:57:45,195 :INFO : <module> : Launch undostres application and open home page
2022-03-31 13:57:48,644 :INFO : Home_Screen : title is verified
2022-03-31 13:57:53,219 :INFO : Home_Screen : navigating to checkout screen
2022-03-31 13:57:59,261 :INFO : Checkout_screen : checkout done, moving to pop up screen
2022-03-31 13:58:00,358 :INFO : Checkout_screen : Popup screen appears
2022-03-31 13:58:23,336 :INFO : Checkout_screen : dismissed permit notification
2022-03-31 13:58:23,387 :INFO : Checkout_screen : captured the recharge success message
2022-03-31 13:58:23,387 :INFO : test_Mobile_Recharge : test case execution is completed
2022-03-31 14:40:14,797 :INFO : <module> : initializing firefox browser
2022-03-31 14:40:24,086 :INFO : <module> : Test_Mobile_Recharge.py_Test_Mobile_Recharge_test_Mobile_Recharge.png
2022-03-31 14:44:22,157 :INFO : <module> : initializing chrome browser
2022-03-31 14:44:27,088 :INFO : <module> : Launch undostres application and open home page
2022-03-31 14:44:29,183 :INFO : <module> : Test_Mobile_Recharge.py_Test_Mobile_Recharge_test_Mobile_Recharge.png
2022-03-31 14:44:45,481 :INFO : <module> : initializing firefox browser
2022-03-31 14:44:47,919 :INFO : <module> : Test_Mobile_Recharge.py_Test_Mobile_Recharge_test_Mobile_Recharge.png
2022-03-31 14:46:11,462 :INFO : <module> : initializing firefox browser
2022-03-31 14:46:14,965 :INFO : <module> : Test_Mobile_Recharge.py_Test_Mobile_Recharge_test_Mobile_Recharge.png
2022-03-31 14:50:04,695 :INFO : <module> : initializing firefox browser
2022-03-31 14:50:07,458 :INFO : <module> : Test_Mobile_Recharge.py_Test_Mobile_Recharge_test_Mobile_Recharge.png
2022-03-31 14:59:44,146 :INFO : <module> : initializing firefox browser
2022-03-31 14:59:53,889 :INFO : <module> : Launch undostres application and open home page
2022-03-31 14:59:58,133 :INFO : Home_Screen : title is verified
2022-03-31 15:00:06,188 :INFO : Home_Screen : navigating to checkout screen
2022-03-31 15:00:09,346 :INFO : Checkout_screen : checkout done, moving to pop up screen
2022-03-31 15:00:09,401 :INFO : Checkout_screen : Popup screen appears
2022-03-31 15:00:44,850 :INFO : Checkout_screen : notifcaton button not displayed
2022-03-31 15:00:44,885 :INFO : Checkout_screen : captured the recharge success message
2022-03-31 15:00:44,886 :INFO : test_Mobile_Recharge : test case execution is completed
2022-03-31 15:02:27,252 :INFO : <module> : initializing chrome browser
2022-03-31 15:02:30,916 :INFO : <module> : Launch undostres application and open home page
2022-03-31 15:02:35,203 :INFO : Home_Screen : title is verified
2022-03-31 15:02:42,916 :INFO : Home_Screen : navigating to checkout screen
2022-03-31 15:02:45,980 :INFO : Checkout_screen : checkout done, moving to pop up screen
2022-03-31 15:02:47,107 :INFO : Checkout_screen : Popup screen appears
2022-03-31 15:03:22,216 :INFO : Checkout_screen : notifcaton button not displayed
2022-03-31 15:03:57,133 :INFO : <module> : Test_Mobile_Recharge.py_Test_Mobile_Recharge_test_Mobile_Recharge.png
2022-03-31 15:04:17,346 :INFO : <module> : initializing chrome browser
2022-03-31 15:04:20,663 :INFO : <module> : Launch undostres application and open home page
2022-03-31 15:04:23,969 :INFO : Home_Screen : title is verified
2022-03-31 15:04:28,158 :INFO : Home_Screen : navigating to checkout screen
2022-03-31 15:04:33,828 :INFO : Checkout_screen : checkout done, moving to pop up screen
2022-03-31 15:04:34,586 :INFO : Checkout_screen : Popup screen appears
2022-03-31 15:05:09,624 :INFO : Checkout_screen : notifcaton button not displayed
2022-03-31 15:05:39,650 :INFO : <module> : Test_Mobile_Recharge.py_Test_Mobile_Recharge_test_Mobile_Recharge.png
2022-03-31 15:11:11,291 :INFO : <module> : initializing chrome browser
2022-03-31 15:11:14,569 :INFO : <module> : Launch undostres application and open home page
2022-03-31 15:11:17,719 :INFO : Home_Screen : title is verified
2022-03-31 15:11:19,640 :INFO : Home_Screen : navigating to checkout screen
2022-03-31 15:11:27,288 :INFO : Checkout_screen : checkout done, moving to pop up screen
2022-03-31 15:11:27,959 :INFO : Checkout_screen : Popup screen appears
2022-03-31 15:11:52,797 :INFO : Checkout_screen : dismissed permit notification
2022-03-31 15:11:52,840 :INFO : Checkout_screen : captured the recharge success message
2022-03-31 15:11:52,840 :INFO : test_Mobile_Recharge : test case execution is completed
2022-03-31 15:22:52,022 :INFO : <module> : initializing chrome browser
2022-03-31 15:22:55,337 :INFO : <module> : Launch undostres application and open home page
2022-03-31 15:22:59,226 :INFO : Home_Screen : title is verified
2022-03-31 15:23:03,975 :INFO : Home_Screen : navigating to checkout screen
2022-03-31 15:23:09,376 :INFO : Checkout_screen : checkout done, moving to pop up screen
2022-03-31 15:23:10,396 :INFO : Checkout_screen : Popup screen appears
2022-03-31 15:23:32,676 :INFO : Checkout_screen : dismissed permit notification
2022-03-31 15:23:32,719 :INFO : Checkout_screen : captured the recharge success message
2022-03-31 15:23:32,720 :INFO : test_Mobile_Recharge : test case execution is completed
2022-03-31 15:25:57,709 :INFO : <module> : initializing chrome browser
2022-03-31 15:26:01,382 :INFO : <module> : Launch undostres application and open home page
2022-03-31 15:26:05,169 :INFO : Home_Screen : title is verified
2022-03-31 15:26:09,438 :INFO : Home_Screen : navigating to checkout screen
2022-03-31 15:26:15,334 :INFO : Checkout_screen : checkout done, moving to pop up screen
2022-03-31 15:26:16,012 :INFO : Checkout_screen : Popup screen appears
2022-03-31 15:26:38,221 :INFO : Checkout_screen : dismissed permit notification
2022-03-31 15:26:38,268 :INFO : Checkout_screen : captured the recharge success message
2022-03-31 15:26:38,269 :INFO : test_Mobile_Recharge : test case execution is completed
2022-03-31 15:39:13,782 :INFO : <module> : initializing chrome browser
2022-03-31 15:39:17,040 :INFO : <module> : Launch undostres application and open home page
2022-03-31 15:39:20,033 :INFO : Home_Screen : title is verified
2022-03-31 15:39:21,960 :INFO : Home_Screen : navigating to checkout screen
2022-03-31 15:39:29,375 :INFO : Checkout_screen : checkout done, moving to pop up screen
2022-03-31 15:39:30,085 :INFO : Checkout_screen : Popup screen appears
2022-03-31 15:39:51,387 :INFO : Checkout_screen : dismissed permit notification
2022-03-31 15:39:51,433 :INFO : Checkout_screen : captured the recharge success message
2022-03-31 15:39:51,433 :INFO : test_Mobile_Recharge : test case execution is completed
2022-03-31 15:47:20,786 :INFO : <module> : initializing chrome browser
2022-03-31 15:47:25,027 :INFO : <module> : Launch undostres application and open home page
2022-03-31 15:47:28,404 :INFO : Home_Screen : title is verified
2022-03-31 15:47:32,536 :INFO : Home_Screen : navigating to checkout screen
2022-03-31 15:47:38,065 :INFO : Checkout_screen : checkout done, moving to pop up screen
2022-03-31 15:47:38,554 :INFO : Checkout_screen : Popup screen appears
2022-03-31 15:48:01,478 :INFO : Checkout_screen : dismissed permit notification
2022-03-31 15:48:01,521 :INFO : Checkout_screen : captured the recharge success message
2022-03-31 15:48:01,522 :INFO : test_recarga : test case execution is completed
2022-03-31 15:49:07,948 :INFO : <module> : initializing chrome browser
2022-03-31 15:49:11,308 :INFO : <module> : Launch undostres application and open home page
2022-03-31 15:49:14,324 :INFO : Home_Screen : title is verified
2022-03-31 15:49:16,543 :INFO : Home_Screen : navigating to checkout screen
2022-03-31 15:49:23,761 :INFO : Checkout_screen : checkout done, moving to pop up screen
2022-03-31 15:49:24,468 :INFO : Checkout_screen : Popup screen appears
2022-03-31 15:49:45,607 :INFO : Checkout_screen : dismissed permit notification
2022-03-31 15:49:45,650 :INFO : Checkout_screen : captured the recharge success message
2022-03-31 15:49:45,651 :INFO : test_recarga : test case execution is completed
2022-03-31 16:12:50,713 :INFO : <module> : initializing chrome browser
2022-03-31 16:12:53,816 :INFO : <module> : Launch undostres application and open home page
2022-03-31 16:12:58,302 :INFO : Home_Screen : title is verified
2022-03-31 16:13:07,774 :INFO : Home_Screen : navigating to checkout screen
2022-03-31 16:13:11,651 :INFO : Checkout_screen : checkout done, moving to pop up screen
2022-03-31 16:13:12,194 :INFO : Checkout_screen : Popup screen appears
2022-03-31 16:13:34,988 :INFO : Checkout_screen : dismissed permit notification
2022-03-31 16:13:35,023 :INFO : Checkout_screen : captured the recharge success message
2022-03-31 16:13:35,023 :INFO : test_recarga : test case execution is completed
